<?xml version="1.0" encoding="UTF-8"?>
<!-- Generated by org.testng.reporters.JUnitXMLReporter -->
<testsuite hostname="DESKTOP-PJ5JRQT" ignored="0" tests="0" failures="0" timestamp="20 Feb 2024 13:32:58 GMT" time="0.04" errors="0">
  <testcase name="@AfterTest endreport" time="0.0" classname="com.datadriven.utility.BaseClass">
    <failure type="java.lang.NullPointerException">
      <![CDATA[java.lang.NullPointerException
at com.datadriven.utility.BaseClass.endreport(BaseClass.java:101)
... Removed 33 stack frames]]>
    </failure>
  </testcase> <!-- @AfterTest endreport -->
</testsuite>
